2020-05-23 19:16:41 [main] DEBUG prokhorenko.xmlparser.parser.sax.TouristVouchersHandler - Value: 
2020-05-23 19:16:41 [main] DEBUG prokhorenko.xmlparser.parser.sax.TouristVouchersHandler - Value: SGL
2020-05-23 19:16:41 [main] DEBUG prokhorenko.xmlparser.parser.sax.TouristVouchersHandler - Value: 
2020-05-23 19:16:41 [main] DEBUG prokhorenko.xmlparser.parser.sax.TouristVouchersHandler - Value: true
2020-05-23 19:16:41 [main] DEBUG prokhorenko.xmlparser.parser.sax.TouristVouchersHandler - Value: 
2020-05-23 19:16:41 [main] DEBUG prokhorenko.xmlparser.parser.sax.TouristVouchersHandler - Value: false
2020-05-23 19:16:41 [main] DEBUG prokhorenko.xmlparser.parser.sax.TouristVouchersHandler - Value: 
2020-05-23 19:16:41 [main] DEBUG prokhorenko.xmlparser.parser.sax.TouristVouchersHandler - Value: 
2020-05-23 19:16:41 [main] DEBUG prokhorenko.xmlparser.parser.sax.TouristVouchersHandler - Value: 350.00
2020-05-23 19:16:41 [main] DEBUG prokhorenko.xmlparser.parser.sax.TouristVouchersHandler - Value: 
2020-05-23 19:16:41 [main] DEBUG prokhorenko.xmlparser.parser.sax.TouristVouchersHandler - Value: 
2020-05-23 19:16:41 [main] ERROR by.prokhorenko.xmlparser.validation.XMLValidator - XML file not found
2020-05-23 19:18:32 [main] ERROR by.prokhorenko.xmlparser.validation.XMLValidator - XML file not found
2020-05-23 19:19:18 [main] ERROR by.prokhorenko.xmlparser.validation.XMLValidator - XML file not found
2020-05-23 19:19:31 [main] ERROR by.prokhorenko.xmlparser.validation.XMLValidator - XML file not found
2020-05-23 20:53:34 [main] ERROR by.prokhorenko.xmlparser.validation.XMLValidator - XML file not found
2020-05-23 20:54:10 [main] ERROR by.prokhorenko.xmlparser.validation.XMLValidator - XML file not found
2020-05-23 20:54:40 [main] ERROR by.prokhorenko.xmlparser.validation.XMLValidator - XML file not found
2020-05-23 20:57:08 [main] ERROR by.prokhorenko.xmlparser.validation.XMLValidator - XML file not found
2020-05-23 20:57:36 [main] ERROR by.prokhorenko.xmlparser.validation.XMLValidator - XML file not found
2020-05-23 20:59:36 [main] ERROR by.prokhorenko.xmlparser.validation.XMLValidator - XML file not found
2020-05-23 20:59:52 [main] ERROR by.prokhorenko.xmlparser.validation.XMLValidator - XML file not found
2020-05-23 21:00:29 [main] ERROR by.prokhorenko.xmlparser.validation.XMLValidator - XML file not found
2020-05-23 21:01:52 [main] ERROR by.prokhorenko.xmlparser.validation.XMLValidator - XML file not found
2020-05-23 21:02:06 [main] ERROR by.prokhorenko.xmlparser.validation.XMLValidator - XML file not found
2020-05-23 21:03:45 [main] ERROR by.prokhorenko.xmlparser.validation.XMLValidator - XML file not found
2020-05-23 21:04:19 [main] ERROR by.prokhorenko.xmlparser.validation.XMLValidator - XML file not found
2020-05-23 21:05:32 [main] ERROR by.prokhorenko.xmlparser.validation.XMLValidator - XML file not found
2020-05-23 21:07:11 [main] ERROR by.prokhorenko.xmlparser.validation.XMLValidator - XML file not found
2020-05-23 21:08:56 [main] ERROR by.prokhorenko.xmlparser.validation.XMLValidator - XML file not found
2020-05-23 21:09:43 [main] ERROR by.prokhorenko.xmlparser.validation.XMLValidator - XML file not found
2020-05-23 21:10:13 [main] ERROR by.prokhorenko.xmlparser.validation.XMLValidator - XML file not found
2020-05-23 21:12:22 [main] ERROR by.prokhorenko.xmlparser.validation.XMLValidator - XML file not found
2020-05-24 14:22:02 [main] ERROR by.prokhorenko.xmlparser.validation.XMLValidator - XML file not found
2020-05-24 14:22:18 [main] ERROR by.prokhorenko.xmlparser.validation.XMLValidator - XML file not found
2020-05-24 14:51:05 [main] ERROR by.prokhorenko.xmlparser.validation.XMLValidator - XML file not found
2020-05-24 14:51:32 [main] ERROR by.prokhorenko.xmlparser.validation.XMLValidator - XML file not found
2020-05-24 16:04:45 [main] ERROR by.prokhorenko.xmlparser.validation.XMLValidator - XML file not found
2020-05-24 16:06:16 [main] ERROR by.prokhorenko.xmlparser.validation.XMLValidator - XML file not found
2020-05-24 16:07:24 [main] ERROR by.prokhorenko.xmlparser.validation.XMLValidator - XML file not found
2020-05-24 16:10:02 [main] ERROR by.prokhorenko.xmlparser.validation.XMLValidator - XML file not found
2020-05-24 16:18:25 [main] FATAL by.prokhorenko.xmlparser.validation.XMLValidator - IOException
2020-05-24 16:18:55 [main] FATAL by.prokhorenko.xmlparser.validation.XMLValidator - IOException
2020-05-24 16:19:52 [main] ERROR by.prokhorenko.xmlparser.validation.XMLValidator - XML file not found
2020-05-24 16:21:11 [main] ERROR by.prokhorenko.xmlparser.validation.XMLValidator - XML file not found
2020-05-24 16:21:27 [main] ERROR by.prokhorenko.xmlparser.validation.XMLValidator - XML file not found
2020-05-24 16:21:45 [main] ERROR by.prokhorenko.xmlparser.validation.XMLValidator - XML file not found
2020-05-24 16:23:13 [main] ERROR by.prokhorenko.xmlparser.validation.XMLValidator - XML file not found
2020-05-24 16:23:56 [main] ERROR by.prokhorenko.xmlparser.validation.XMLValidator - XML file not found
2020-05-24 16:25:54 [main] ERROR by.prokhorenko.xmlparser.validation.XMLValidator - XML file not found
2020-05-24 16:26:32 [main] ERROR by.prokhorenko.xmlparser.validation.XMLValidator - XML file not found
2020-05-24 16:26:49 [main] ERROR by.prokhorenko.xmlparser.validation.XMLValidator - XML file not found
2020-05-24 16:27:00 [main] ERROR by.prokhorenko.xmlparser.validation.XMLValidator - XML file not found
2020-05-24 16:28:50 [main] INFO  by.prokhorenko.xmlparser.validation.XMLValidator - Validation correct
2020-05-24 16:50:13 [main] INFO  by.prokhorenko.xmlparser.validation.XMLValidator - Validation correct
2020-05-24 16:57:48 [main] INFO  by.prokhorenko.xmlparser.validation.XMLValidator - Validation correct
2020-05-24 17:05:18 [main] ERROR by.prokhorenko.xmlparser.validation.TouristVoucherErrorHandler - 72 : 25 - cvc-datatype-valid.1.2.1: 'yes' is not a valid value for 'boolean'.
2020-05-24 17:05:18 [main] ERROR by.prokhorenko.xmlparser.validation.TouristVoucherErrorHandler - 72 : 25 - cvc-type.3.1.3: The value 'yes' of element 'tv' is not valid.
2020-05-24 17:05:18 [main] INFO  by.prokhorenko.xmlparser.validation.XMLValidator - Validation correct
2020-05-24 17:33:19 [main] INFO  by.prokhorenko.xmlparser.validation.XMLValidator - XML file is correct
2020-05-24 17:34:09 [main] ERROR by.prokhorenko.xmlparser.validation.TouristVoucherErrorHandler - 54 : 17 - cvc-complex-type.2.4.a: Invalid content was found starting with element 'tr'. One of '{"http://www.example.com/touristVouchers":tv}' is expected.
2020-05-24 17:34:09 [main] INFO  by.prokhorenko.xmlparser.validation.XMLValidator - XML file is correct
2020-05-24 17:35:34 [main] ERROR by.prokhorenko.xmlparser.validation.TouristVoucherErrorHandler - 52 : 38 - cvc-enumeration-valid: Value 'BG' is not facet-valid with respect to enumeration '[OB, BB, HB, FB, AL]'. It must be a value from the enumeration.
2020-05-24 17:35:34 [main] ERROR by.prokhorenko.xmlparser.validation.TouristVoucherErrorHandler - 52 : 38 - cvc-type.3.1.3: The value 'BG' of element 'food_type' is not valid.
2020-05-24 17:35:34 [main] ERROR by.prokhorenko.xmlparser.validation.TouristVoucherErrorHandler - 54 : 17 - cvc-complex-type.2.4.a: Invalid content was found starting with element 'tr'. One of '{"http://www.example.com/touristVouchers":tv}' is expected.
2020-05-24 17:35:34 [main] INFO  by.prokhorenko.xmlparser.validation.XMLValidator - XML file is correct
2020-05-24 20:49:05 [main] ERROR xmlparser.builder.impl.dom.TouristVoucherDOMBuilder - java.io.FileNotFoundException: C:\Users\Денис\eclipse-workspace\XMLParserProkhorenkoDM\testData\touristVouchersTest.xml (Системе не удается найти указанный путь)
2020-05-24 21:22:57 [main] INFO  by.prokhorenko.xmlparser.validation.XMLValidator - XML file is correct
2020-05-24 21:23:59 [main] ERROR by.prokhorenko.xmlparser.validation.TouristVoucherErrorHandler - 8 : 25 - cvc-pattern-valid: Value '123' is not facet-valid with respect to pattern '[a-zA-Z]{1,25}' for type 'City'.
2020-05-24 21:23:59 [main] ERROR by.prokhorenko.xmlparser.validation.TouristVoucherErrorHandler - 8 : 25 - cvc-type.3.1.3: The value '123' of element 'city' is not valid.
2020-05-24 21:23:59 [main] ERROR by.prokhorenko.xmlparser.validation.TouristVoucherErrorHandler - 19 : 47 - cvc-datatype-valid.1.2.1: 'yes' is not a valid value for 'boolean'.
2020-05-24 21:23:59 [main] ERROR by.prokhorenko.xmlparser.validation.TouristVoucherErrorHandler - 19 : 47 - cvc-type.3.1.3: The value 'yes' of element 'air_condition' is not valid.
2020-05-24 21:23:59 [main] INFO  by.prokhorenko.xmlparser.validation.XMLValidator - XML file is correct
2020-05-24 21:25:58 [main] ERROR by.prokhorenko.xmlparser.validation.TouristVoucherErrorHandler - 8 : 25 - cvc-pattern-valid: Value '123' is not facet-valid with respect to pattern '[a-zA-Z]{1,25}' for type 'City'.
2020-05-24 21:25:58 [main] ERROR by.prokhorenko.xmlparser.validation.TouristVoucherErrorHandler - 8 : 25 - cvc-type.3.1.3: The value '123' of element 'city' is not valid.
2020-05-24 21:25:58 [main] ERROR by.prokhorenko.xmlparser.validation.TouristVoucherErrorHandler - 13 : 16 - cvc-complex-type.2.4.a: Invalid content was found starting with element 'sport'. One of '{"http://www.example.com/touristVouchersTest":transport}' is expected.
2020-05-24 21:25:58 [main] ERROR by.prokhorenko.xmlparser.validation.TouristVoucherErrorHandler - 19 : 47 - cvc-datatype-valid.1.2.1: 'yes' is not a valid value for 'boolean'.
2020-05-24 21:25:58 [main] ERROR by.prokhorenko.xmlparser.validation.TouristVoucherErrorHandler - 19 : 47 - cvc-type.3.1.3: The value 'yes' of element 'air_condition' is not valid.
2020-05-24 21:25:58 [main] INFO  by.prokhorenko.xmlparser.validation.XMLValidator - XML file is correct
2020-05-24 21:27:36 [main] ERROR by.prokhorenko.xmlparser.validation.XMLValidator - XML file doesn't exist
